<?xml version="1.0" encoding="UTF-8"?>
<!-- Generated by org.testng.reporters.JUnitReportReporter -->
<testsuite skipped="0" hostname="DESKTOP-BEOEF1L" name="com.crm.qa.testcases.HomePageTest" tests="3" failures="0" timestamp="16 Oct 2021 14:11:05 GMT" time="95.478" errors="0">
  <testcase name="verifyHomePageTitle" time="36.885" classname="com.crm.qa.testcases.HomePageTest"/>
  <testcase name="verifyUserNameTest" time="32.116" classname="com.crm.qa.testcases.HomePageTest"/>
  <testcase name="verifyContactsLinkTest" time="26.477" classname="com.crm.qa.testcases.HomePageTest"/>
</testsuite> <!-- com.crm.qa.testcases.HomePageTest -->
