<?xml version="1.0" encoding="UTF-8"?>
<!-- Generated by org.testng.reporters.JUnitReportReporter -->
<testsuite skipped="0" hostname="DESKTOP-BEOEF1L" name="com.crm.qa.testcases.LoginPageTest" tests="3" failures="0" timestamp="16 Oct 2021 14:22:25 GMT" time="55.478" errors="0">
  <testcase name="loginPageTitleTest" time="12.566" classname="com.crm.qa.testcases.LoginPageTest"/>
  <testcase name="crmLogoImagetest" time="15.189" classname="com.crm.qa.testcases.LoginPageTest"/>
  <testcase name="loginTest" time="27.723" classname="com.crm.qa.testcases.LoginPageTest"/>
</testsuite> <!-- com.crm.qa.testcases.LoginPageTest -->
